# JRE version: Java(TM) SE Runtime Environment (18.0.2.1+1) (build 18.0.2.1+1-1)
# Java VM: Java HotSpot(TM) 64-Bit Server VM (18.0.2.1+1-1, mixed mode, sharing, tiered, compressed oops, compressed class ptrs, g1 gc, windows-amd64)
GC Precious Log:
 CardTable entry size: 512
 Card Set container configuration: InlinePtr #cards 5 size 8 Array Of Cards #cards 12 size 40 Howl #buckets 4 coarsen threshold 1843 Howl Bitmap #cards 512 size 80 coarsen threshold 460 Card regions per heap region 1 cards per card region 2048
 CPUs: 8 total, 8 available
 Memory: 16079M
 Large Page Support: Disabled
 NUMA Support: Disabled
 Compressed Oops: Enabled (32-bit)
 Heap Region Size: 1M
 Heap Min Capacity: 256M
 Heap Initial Capacity: 256M
 Heap Max Capacity: 512M
 Pre-touch: Disabled
 Parallel Workers: 8
 Concurrent Workers: 2
 Concurrent Refinement Workers: 8
 Periodic GC: Disabled
Heap:
 garbage-first heap   total 280576K, used 159620K [0x00000000e0000000, 0x0000000100000000)
  region size 1024K, 13 young (13312K), 1 survivors (1024K)
 Metaspace       used 89353K, committed 94272K, reserved 344064K
  class space    used 11894K, committed 13632K, reserved 212992K
GC Heap History (20 events):
Event: 61.426 GC heap before
{Heap before GC invocations=9 (full 0):
 garbage-first heap   total 262144K, used 187911K [0x00000000e0000000, 0x0000000100000000)
  region size 1024K, 153 young (156672K), 18 survivors (18432K)
 Metaspace       used 72914K, committed 74688K, reserved 278528K
  class space    used 10027K, committed 10944K, reserved 212992K
}
Event: 61.445 GC heap after
{Heap after GC invocations=10 (full 0):
 garbage-first heap   total 262144K, used 59783K [0x00000000e0000000, 0x0000000100000000)
  region size 1024K, 20 young (20480K), 20 survivors (20480K)
 Metaspace       used 72914K, committed 74688K, reserved 278528K
  class space    used 10027K, committed 10944K, reserved 212992K
}
Event: 61.452 GC heap before
{Heap before GC invocations=10 (full 0):
 garbage-first heap   total 262144K, used 60807K [0x00000000e0000000, 0x0000000100000000)
  region size 1024K, 21 young (21504K), 20 survivors (20480K)
 Metaspace       used 72984K, committed 74752K, reserved 278528K
  class space    used 10034K, committed 10944K, reserved 212992K
}
Event: 61.466 GC heap after
{Heap after GC invocations=11 (full 0):
 garbage-first heap   total 262144K, used 61440K [0x00000000e0000000, 0x0000000100000000)
  region size 1024K, 2 young (2048K), 2 survivors (2048K)
 Metaspace       used 72984K, committed 74752K, reserved 278528K
  class space    used 10034K, committed 10944K, reserved 212992K
}
Event: 67.424 GC heap before
{Heap before GC invocations=11 (full 0):
 garbage-first heap   total 262144K, used 195584K [0x00000000e0000000, 0x0000000100000000)
  region size 1024K, 134 young (137216K), 2 survivors (2048K)
 Metaspace       used 81625K, committed 83520K, reserved 344064K
  class space    used 11128K, committed 12096K, reserved 212992K
}
Event: 67.434 GC heap after
{Heap after GC invocations=12 (full 0):
 garbage-first heap   total 262144K, used 70991K [0x00000000e0000000, 0x0000000100000000)
  region size 1024K, 12 young (12288K), 12 survivors (12288K)
 Metaspace       used 81625K, committed 83520K, reserved 344064K
  class space    used 11128K, committed 12096K, reserved 212992K
}
Event: 74.116 GC heap before
{Heap before GC invocations=12 (full 0):
 garbage-first heap   total 262144K, used 197967K [0x00000000e0000000, 0x0000000100000000)
  region size 1024K, 137 young (140288K), 12 survivors (12288K)
 Metaspace       used 88522K, committed 90560K, reserved 344064K
  class space    used 12076K, committed 13120K, reserved 212992K
}
Event: 74.145 GC heap after
{Heap after GC invocations=13 (full 0):
 garbage-first heap   total 262144K, used 88618K [0x00000000e0000000, 0x0000000100000000)
  region size 1024K, 18 young (18432K), 18 survivors (18432K)
 Metaspace       used 88522K, committed 90560K, reserved 344064K
  class space    used 12076K, committed 13120K, reserved 212992K
}
Event: 74.675 GC heap before
{Heap before GC invocations=13 (full 0):
 garbage-first heap   total 262144K, used 206378K [0x00000000e0000000, 0x0000000100000000)
  region size 1024K, 124 young (126976K), 18 survivors (18432K)
 Metaspace       used 88560K, committed 90560K, reserved 344064K
  class space    used 12083K, committed 13120K, reserved 212992K
}
Event: 74.716 GC heap after
{Heap after GC invocations=14 (full 0):
 garbage-first heap   total 264192K, used 132313K [0x00000000e0000000, 0x0000000100000000)
  region size 1024K, 16 young (16384K), 16 survivors (16384K)
 Metaspace       used 88560K, committed 90560K, reserved 344064K
  class space    used 12083K, committed 13120K, reserved 212992K
}
Event: 74.903 GC heap before
{Heap before GC invocations=14 (full 0):
 garbage-first heap   total 264192K, used 155865K [0x00000000e0000000, 0x0000000100000000)
  region size 1024K, 38 young (38912K), 16 survivors (16384K)
 Metaspace       used 88781K, committed 90816K, reserved 344064K
  class space    used 12108K, committed 13184K, reserved 212992K
}
Event: 74.928 GC heap after
{Heap after GC invocations=15 (full 0):
 garbage-first heap   total 264192K, used 144384K [0x00000000e0000000, 0x0000000100000000)
  region size 1024K, 10 young (10240K), 10 survivors (10240K)
 Metaspace       used 88781K, committed 90816K, reserved 344064K
  class space    used 12108K, committed 13184K, reserved 212992K
}
Event: 80.122 GC heap before
{Heap before GC invocations=16 (full 0):
 garbage-first heap   total 273408K, used 174080K [0x00000000e0000000, 0x0000000100000000)
  region size 1024K, 39 young (39936K), 10 survivors (10240K)
 Metaspace       used 89489K, committed 91520K, reserved 344064K
  class space    used 12229K, committed 13312K, reserved 212992K
}
Event: 80.139 GC heap after
{Heap after GC invocations=17 (full 0):
 garbage-first heap   total 273408K, used 160736K [0x00000000e0000000, 0x0000000100000000)
  region size 1024K, 7 young (7168K), 7 survivors (7168K)
 Metaspace       used 89489K, committed 91520K, reserved 344064K
  class space    used 12229K, committed 13312K, reserved 212992K
}
Event: 81.080 GC heap before
{Heap before GC invocations=18 (full 0):
 garbage-first heap   total 280576K, used 193504K [0x00000000e0000000, 0x0000000100000000)
  region size 1024K, 43 young (44032K), 7 survivors (7168K)
 Metaspace       used 90781K, committed 92864K, reserved 344064K
  class space    used 12367K, committed 13440K, reserved 212992K
}
Event: 81.092 GC heap after
{Heap after GC invocations=19 (full 0):
 garbage-first heap   total 280576K, used 167313K [0x00000000e0000000, 0x0000000100000000)
  region size 1024K, 6 young (6144K), 6 survivors (6144K)
 Metaspace       used 90781K, committed 92864K, reserved 344064K
  class space    used 12367K, committed 13440K, reserved 212992K
}
Event: 81.183 GC heap before
{Heap before GC invocations=19 (full 0):
 garbage-first heap   total 280576K, used 173457K [0x00000000e0000000, 0x0000000100000000)
  region size 1024K, 13 young (13312K), 6 survivors (6144K)
 Metaspace       used 91293K, committed 93376K, reserved 344064K
  class space    used 12430K, committed 13504K, reserved 212992K
}
Event: 81.196 GC heap after
{Heap after GC invocations=20 (full 0):
 garbage-first heap   total 280576K, used 161957K [0x00000000e0000000, 0x0000000100000000)
  region size 1024K, 2 young (2048K), 2 survivors (2048K)
 Metaspace       used 91293K, committed 93376K, reserved 344064K
  class space    used 12430K, committed 13504K, reserved 212992K
}
Event: 685.372 GC heap before
{Heap before GC invocations=20 (full 0):
 garbage-first heap   total 280576K, used 200869K [0x00000000e0000000, 0x0000000100000000)
  region size 1024K, 41 young (41984K), 2 survivors (2048K)
 Metaspace       used 92126K, committed 94208K, reserved 344064K
  class space    used 12508K, committed 13632K, reserved 212992K
}
Event: 685.375 GC heap after
{Heap after GC invocations=21 (full 0):
 garbage-first heap   total 280576K, used 161668K [0x00000000e0000000, 0x0000000100000000)
  region size 1024K, 1 young (1024K), 1 survivors (1024K)
 Metaspace       used 92126K, committed 94208K, reserved 344064K
  class space    used 12508K, committed 13632K, reserved 212992K
}

